<?xml version='1.1' encoding='UTF-8'?>
<result plugin="junit@1.28">
  <suites>
    <suite>
      <file>/var/lib/jenkins/workspace/jacoco_codecoverage_job/target/surefire-reports/TEST-com.bogotobogo.TestBankAccount.xml</file>
      <name>com.bogotobogo.TestBankAccount</name>
      <duration>0.007</duration>
      <time>0.007</time>
      <enclosingBlocks/>
      <enclosingBlockNames/>
      <cases>
        <case>
          <duration>0.007</duration>
          <className>com.bogotobogo.TestBankAccount</className>
          <testName>testFunds</testName>
          <skipped>false</skipped>
          <failedSince>0</failedSince>
        </case>
      </cases>
    </suite>
  </suites>
  <duration>0.007</duration>
  <keepLongStdio>false</keepLongStdio>
</result>