<?xml version='1.1' encoding='UTF-8'?>
<result plugin="junit@1.28">
  <suites>
    <suite>
      <file>/var/lib/jenkins/workspace/MAVEN_TEST/target/surefire-reports/TEST-com.scmgalaxy.mavensample.AppTest.xml</file>
      <name>com.scmgalaxy.mavensample.AppTest</name>
      <duration>0.001</duration>
      <time>0.001</time>
      <enclosingBlocks/>
      <enclosingBlockNames/>
      <cases>
        <case>
          <duration>0.001</duration>
          <className>com.scmgalaxy.mavensample.AppTest</className>
          <testName>testApp</testName>
          <skipped>false</skipped>
          <failedSince>0</failedSince>
        </case>
      </cases>
    </suite>
  </suites>
  <duration>0.001</duration>
  <keepLongStdio>false</keepLongStdio>
</result>